<?xml version="1.0" encoding="UTF-8"?>
<!-- Generated by org.testng.reporters.JUnitReportReporter -->
<testsuite hostname="Nguyens-MacBook-Pro-2.local" failures="0" tests="3" name="LoginTestCase" time="42.718" errors="0" timestamp="2020-10-05T02:30:13 ICT" skipped="0">
  <testcase classname="LoginTestCase" name="signInWithEmailTestCase" time="8.022"/>
  <system-out/>
  <testcase classname="LoginTestCase" name="signInWithFacebook" time="16.863"/>
  <system-out/>
  <testcase classname="LoginTestCase" name="signInWithGmail" time="17.833"/>
  <system-out/>
</testsuite> <!-- LoginTestCase -->
