<?xml version="1.0" encoding="UTF-8"?>
<!-- Generated by org.testng.reporters.JUnitReportReporter -->
<testsuite hostname="Nguyens-MacBook-Pro-2.local" failures="0" tests="1" name="RegisterTestCase" time="7.085" errors="0" timestamp="2020-10-05T02:30:13 ICT" skipped="0">
  <testcase classname="RegisterTestCase" name="registerWithValidCredentials" time="7.085"/>
  <system-out/>
</testsuite> <!-- RegisterTestCase -->
